2024-07-21 06:27:31.193 PM info: Server is running on port 3000
2024-07-21 06:27:39.945 PM info: Hello world endpoint was called
2024-07-21 06:27:39.976 PM info: ::1 - - [21/Jul/2024:12:57:39 +0000] "GET / HTTP/1.1" 304 - "-" "Mozilla/5.0 (Windows NT 10.0; Win64; x64) AppleWebKit/537.36 (KHTML, like Gecko) Chrome/126.0.0.0 Safari/537.36 Edg/126.0.0.0"
2024-07-21 06:27:58.992 PM [32minfo[39m: [32mServer is running on port 3000[39m
2024-07-21 06:35:17.449 PM [32minfo[39m: [32mHello world endpoint was called[39m
2024-07-21 06:35:17.465 PM [32minfo[39m: [32m::1 - - [21/Jul/2024:13:05:17 +0000] "GET / HTTP/1.1" 304 - "-" "Mozilla/5.0 (Windows NT 10.0; Win64; x64) AppleWebKit/537.36 (KHTML, like Gecko) Chrome/126.0.0.0 Safari/537.36 Edg/126.0.0.0"[39m
2024-07-21 06:38:09.377 PM [32minfo[39m: [32mServer is running on port 3000[39m
2024-07-21 06:38:13.119 PM [32minfo[39m: [32mHello world endpoint was called[39m
2024-07-21 06:38:26.872 PM [32minfo[39m: [32mHello world endpoint was called[39m
2024-07-21 06:39:20.131 PM [32minfo[39m: [32mServer is running on port 3000[39m
2024-07-21 06:39:23.256 PM [32minfo[39m: [32mHello world endpoint was called[39m
2024-07-21 06:39:23.287 PM [32minfo[39m: [32mGET / 304 - - 15.193 ms[39m
2024-07-21 06:39:48.013 PM [32minfo[39m: [32mHello world endpoint was called[39m
2024-07-21 06:39:48.023 PM [32minfo[39m: [32mGET / 200 13 - 6.022 ms[39m
2024-07-21 06:39:50.545 PM [32minfo[39m: [32mHello world endpoint was called[39m
2024-07-21 06:39:50.548 PM [32minfo[39m: [32mGET / 304 - - 1.946 ms[39m
2024-07-21 06:40:03.695 PM [32minfo[39m: [32mHello world endpoint was called[39m
2024-07-21 06:40:03.700 PM [32minfo[39m: [32mGET / 200 13 - 3.986 ms[39m
2024-07-21 06:40:08.230 PM [32minfo[39m: [32mHello world endpoint was called[39m
2024-07-21 06:40:08.237 PM [32minfo[39m: [32mGET / 200 13 - 5.768 ms[39m
2024-07-21 06:40:34.054 PM info: Server is running on port 3000
2024-07-21 06:40:38.097 PM info: Hello world endpoint was called
2024-07-21 06:40:38.126 PM info: GET / 200 13 - 14.160 ms
2024-07-21 06:41:12.567 PM error: Server is running on port 3000
2024-07-21 06:41:16.087 PM info: Hello world endpoint was called
2024-07-21 06:41:16.110 PM info: GET / 200 13 - 12.422 ms
2024-07-21 06:51:48.054 PM info: Server is running on port 3000
2024-07-21 06:51:59.262 PM info: Hello world endpoint was called
2024-07-21 06:51:59.273 PM info: GET / 304 - - 7.071 ms
2024-07-21 06:53:09.103 PM info: Server is running on port 3000
2024-07-21 06:54:26.119 PM info: Server is running on port 3000
2024-07-21 06:56:53.653 PM info: Server is running on port 3000
2024-07-21 06:57:34.477 PM info: Server is running on port 3000
